This is pdfTeX, Version 3.141592653-2.6-1.40.24 (TeX Live 2022) (preloaded format=pdflatex 2023.5.16)  2 DEC 2023 01:54
entering extended mode
 restricted \write18 enabled.
 %&-line parsing enabled.
**document.tex
(./document.tex
LaTeX2e <2021-11-15> patch level 1
L3 programming layer <2022-02-24>
(d:/app/latex/texlive/2022/texmf-dist/tex/latex/elsarticle/elsarticle.cls
Document Class: elsarticle 2020/11/20, 3.3: Elsevier Ltd
(d:/app/latex/texlive/2022/texmf-dist/tex/latex/l3kernel/expl3.sty
Package: expl3 2022-02-24 L3 programming layer (loader) 

(d:/app/latex/texlive/2022/texmf-dist/tex/latex/l3backend/l3backend-pdftex.def
File: l3backend-pdftex.def 2022-02-07 L3 backend support: PDF output (pdfTeX)
\l__color_backend_stack_int=\count185
\l__pdf_internal_box=\box50
)) (d:/app/latex/texlive/2022/texmf-dist/tex/latex/l3packages/xparse/xparse.sty
Package: xparse 2022-01-12 L3 Experimental document command parser
) (d:/app/latex/texlive/2022/texmf-dist/tex/latex/etoolbox/etoolbox.sty
Package: etoolbox 2020/10/05 v2.5k e-TeX tools for LaTeX (JAW)
\etb@tempcnta=\count186
)
\@bls=\dimen138

(d:/app/latex/texlive/2022/texmf-dist/tex/latex/base/article.cls
Document Class: article 2021/10/04 v1.4n Standard LaTeX document class
(d:/app/latex/texlive/2022/texmf-dist/tex/latex/base/size12.clo
File: size12.clo 2021/10/04 v1.4n Standard LaTeX file (size option)
)
\c@part=\count187
\c@section=\count188
\c@subsection=\count189
\c@subsubsection=\count190
\c@paragraph=\count191
\c@subparagraph=\count192
\c@figure=\count193
\c@table=\count194
\abovecaptionskip=\skip47
\belowcaptionskip=\skip48
\bibindent=\dimen139
)
(d:/app/latex/texlive/2022/texmf-dist/tex/latex/graphics/graphicx.sty
Package: graphicx 2021/09/16 v1.2d Enhanced LaTeX Graphics (DPC,SPQR)

(d:/app/latex/texlive/2022/texmf-dist/tex/latex/graphics/keyval.sty
Package: keyval 2014/10/28 v1.15 key=value parser (DPC)
\KV@toks@=\toks16
)
(d:/app/latex/texlive/2022/texmf-dist/tex/latex/graphics/graphics.sty
Package: graphics 2021/03/04 v1.4d Standard LaTeX Graphics (DPC,SPQR)

(d:/app/latex/texlive/2022/texmf-dist/tex/latex/graphics/trig.sty
Package: trig 2021/08/11 v1.11 sin cos tan (DPC)
)
(d:/app/latex/texlive/2022/texmf-dist/tex/latex/graphics-cfg/graphics.cfg
File: graphics.cfg 2016/06/04 v1.11 sample graphics configuration
)
Package graphics Info: Driver file: pdftex.def on input line 107.

(d:/app/latex/texlive/2022/texmf-dist/tex/latex/graphics-def/pdftex.def
File: pdftex.def 2020/10/05 v1.2a Graphics/color driver for pdftex
))
\Gin@req@height=\dimen140
\Gin@req@width=\dimen141
)
\c@tnote=\count195
\c@fnote=\count196
\c@cnote=\count197
\c@ead=\count198
\c@author=\count199
\@eadauthor=\toks17
\c@affn=\count266
\absbox=\box51
\elsarticlehighlightsbox=\box52
\elsarticlegrabsbox=\box53
\keybox=\box54
\Columnwidth=\dimen142
\space@left=\dimen143
\els@boxa=\box55
\els@boxb=\box56
\leftMargin=\dimen144
\@enLab=\toks18
\@sep=\skip49
\@@sep=\skip50

(./document.spl)
(d:/app/latex/texlive/2022/texmf-dist/tex/latex/natbib/natbib.sty
Package: natbib 2010/09/13 8.31b (PWD, AO)
\bibhang=\skip51
\bibsep=\skip52
LaTeX Info: Redefining \cite on input line 694.
\c@NAT@ctr=\count267
)
\splwrite=\write3
\openout3 = `document.spl'.

\appnamewidth=\dimen145
)
(d:/app/latex/texlive/2022/texmf-dist/tex/latex/amsfonts/amssymb.sty
Package: amssymb 2013/01/14 v3.01 AMS font symbols

(d:/app/latex/texlive/2022/texmf-dist/tex/latex/amsfonts/amsfonts.sty
Package: amsfonts 2013/01/14 v3.01 Basic AMSFonts support
\@emptytoks=\toks19
\symAMSa=\mathgroup4
\symAMSb=\mathgroup5
LaTeX Font Info:    Redeclaring math symbol \hbar on input line 98.
LaTeX Font Info:    Overwriting math alphabet `\mathfrak' in version `bold'
(Font)                  U/euf/m/n --> U/euf/b/n on input line 106.
))
(d:/app/latex/texlive/2022/texmf-dist/tex/latex/amscls/amsthm.sty
Package: amsthm 2020/05/29 v2.20.6
\thm@style=\toks20
\thm@bodyfont=\toks21
\thm@headfont=\toks22
\thm@notefont=\toks23
\thm@headpunct=\toks24
\thm@preskip=\skip53
\thm@postskip=\skip54
\thm@headsep=\skip55
\dth@everypar=\toks25
LaTeX Info: Redefining \qed on input line 273.
)
(d:/app/latex/texlive/2022/texmf-dist/tex/latex/subfigure/subfigure.sty
Package: subfigure 2002/03/15 v2.1.5 subfigure package
\subfigtopskip=\skip56
\subfigcapskip=\skip57
\subfigcaptopadj=\dimen146
\subfigbottomskip=\skip58
\subfigcapmargin=\dimen147
\subfiglabelskip=\skip59
\c@subfigure=\count268
\c@lofdepth=\count269
\c@subtable=\count270
\c@lotdepth=\count271

****************************************
* Local config file subfigure.cfg used *
****************************************
(d:/app/latex/texlive/2022/texmf-dist/tex/latex/subfigure/subfigure.cfg)
\subfig@top=\skip60
\subfig@bottom=\skip61
)
(d:/app/latex/texlive/2022/texmf-dist/tex/latex/tools/longtable.sty
Package: longtable 2021-09-01 v4.17 Multi-page Table package (DPC)
\LTleft=\skip62
\LTright=\skip63
\LTpre=\skip64
\LTpost=\skip65
\LTchunksize=\count272
\LTcapwidth=\dimen148
\LT@head=\box57
\LT@firsthead=\box58
\LT@foot=\box59
\LT@lastfoot=\box60
\LT@gbox=\box61
\LT@cols=\count273
\LT@rows=\count274
\c@LT@tables=\count275
\c@LT@chunks=\count276
\LT@p@ftn=\toks26
)
(d:/app/latex/texlive/2022/texmf-dist/tex/latex/float/float.sty
Package: float 2001/11/08 v1.3d Float enhancements (AL)
\c@float@type=\count277
\float@exts=\toks27
\float@box=\box62
\@float@everytoks=\toks28
\@floatcapt=\box63
)
(d:/app/latex/texlive/2022/texmf-dist/tex/latex/amsmath/amsmath.sty
Package: amsmath 2021/10/15 v2.17l AMS math features
\@mathmargin=\skip66

For additional information on amsmath, use the `?' option.
(d:/app/latex/texlive/2022/texmf-dist/tex/latex/amsmath/amstext.sty
Package: amstext 2021/08/26 v2.01 AMS text

(d:/app/latex/texlive/2022/texmf-dist/tex/latex/amsmath/amsgen.sty
File: amsgen.sty 1999/11/30 v2.0 generic functions
\@emptytoks=\toks29
\ex@=\dimen149
))
(d:/app/latex/texlive/2022/texmf-dist/tex/latex/amsmath/amsbsy.sty
Package: amsbsy 1999/11/29 v1.2d Bold Symbols
\pmbraise@=\dimen150
)
(d:/app/latex/texlive/2022/texmf-dist/tex/latex/amsmath/amsopn.sty
Package: amsopn 2021/08/26 v2.02 operator names
)
\inf@bad=\count278
LaTeX Info: Redefining \frac on input line 234.
\uproot@=\count279
\leftroot@=\count280
LaTeX Info: Redefining \overline on input line 399.
\classnum@=\count281
\DOTSCASE@=\count282
LaTeX Info: Redefining \ldots on input line 496.
LaTeX Info: Redefining \dots on input line 499.
LaTeX Info: Redefining \cdots on input line 620.
\Mathstrutbox@=\box64
\strutbox@=\box65
\big@size=\dimen151
LaTeX Font Info:    Redeclaring font encoding OML on input line 743.
LaTeX Font Info:    Redeclaring font encoding OMS on input line 744.
\macc@depth=\count283
\c@MaxMatrixCols=\count284
\dotsspace@=\muskip16
\c@parentequation=\count285
\dspbrk@lvl=\count286
\tag@help=\toks30
\row@=\count287
\column@=\count288
\maxfields@=\count289
\andhelp@=\toks31
\eqnshift@=\dimen152
\alignsep@=\dimen153
\tagshift@=\dimen154
\tagwidth@=\dimen155
\totwidth@=\dimen156
\lineht@=\dimen157
\@envbody=\toks32
\multlinegap=\skip67
\multlinetaggap=\skip68
\mathdisplay@stack=\toks33
LaTeX Info: Redefining \[ on input line 2938.
LaTeX Info: Redefining \] on input line 2939.
)
(d:/app/latex/texlive/2022/texmf-dist/tex/latex/was/gensymb.sty
Package: gensymb 2003/07/02 v1.0 (WaS)
)
(d:/app/latex/texlive/2022/texmf-dist/tex/latex/booktabs/booktabs.sty
Package: booktabs 2020/01/12 v1.61803398 Publication quality tables
\heavyrulewidth=\dimen158
\lightrulewidth=\dimen159
\cmidrulewidth=\dimen160
\belowrulesep=\dimen161
\belowbottomsep=\dimen162
\aboverulesep=\dimen163
\abovetopsep=\dimen164
\cmidrulesep=\dimen165
\cmidrulekern=\dimen166
\defaultaddspace=\dimen167
\@cmidla=\count290
\@cmidlb=\count291
\@aboverulesep=\dimen168
\@belowrulesep=\dimen169
\@thisruleclass=\count292
\@lastruleclass=\count293
\@thisrulewidth=\dimen170
)
(d:/app/latex/texlive/2022/texmf-dist/tex/latex/caption/caption.sty
Package: caption 2022/03/01 v3.6b Customizing captions (AR)

(d:/app/latex/texlive/2022/texmf-dist/tex/latex/caption/caption3.sty
Package: caption3 2022/03/17 v2.3b caption3 kernel (AR)
\caption@tempdima=\dimen171
\captionmargin=\dimen172
\caption@leftmargin=\dimen173
\caption@rightmargin=\dimen174
\caption@width=\dimen175
\caption@indent=\dimen176
\caption@parindent=\dimen177
\caption@hangindent=\dimen178
Package caption Info: elsarticle document class detected.

(d:/app/latex/texlive/2022/texmf-dist/tex/latex/caption/caption-elsarticle.sto
File: caption-elsarticle.sto 2020/08/22 v2.0 Adaption of the caption package to
 the elsarticle document class (AR)
))
\c@caption@flags=\count294
\c@continuedfloat=\count295
Package caption Info: float package is loaded.
Package caption Info: longtable package is loaded.
 (d:/app/latex/texlive/2022/texmf-dist/tex/latex/caption/ltcaption.sty
Package: ltcaption 2021/01/08 v1.4c longtable captions (AR)
)
Package caption Info: subfigure package is loaded.
)
(./document.aux)
\openout1 = `document.aux'.

LaTeX Font Info:    Checking defaults for OML/cmm/m/it on input line 17.
LaTeX Font Info:    ... okay on input line 17.
LaTeX Font Info:    Checking defaults for OMS/cmsy/m/n on input line 17.
LaTeX Font Info:    ... okay on input line 17.
LaTeX Font Info:    Checking defaults for OT1/cmr/m/n on input line 17.
LaTeX Font Info:    ... okay on input line 17.
LaTeX Font Info:    Checking defaults for T1/cmr/m/n on input line 17.
LaTeX Font Info:    ... okay on input line 17.
LaTeX Font Info:    Checking defaults for TS1/cmr/m/n on input line 17.
LaTeX Font Info:    ... okay on input line 17.
LaTeX Font Info:    Checking defaults for OMX/cmex/m/n on input line 17.
LaTeX Font Info:    ... okay on input line 17.
LaTeX Font Info:    Checking defaults for U/cmr/m/n on input line 17.
LaTeX Font Info:    ... okay on input line 17.

(d:/app/latex/texlive/2022/texmf-dist/tex/context/base/mkii/supp-pdf.mkii
[Loading MPS to PDF converter (version 2006.09.02).]
\scratchcounter=\count296
\scratchdimen=\dimen179
\scratchbox=\box66
\nofMPsegments=\count297
\nofMParguments=\count298
\everyMPshowfont=\toks34
\MPscratchCnt=\count299
\MPscratchDim=\dimen180
\MPnumerator=\count300
\makeMPintoPDFobject=\count301
\everyMPtoPDFconversion=\toks35
)
(d:/app/latex/texlive/2022/texmf-dist/tex/latex/epstopdf-pkg/epstopdf-base.sty
Package: epstopdf-base 2020-01-24 v2.11 Base part for package epstopdf
Package epstopdf-base Info: Redefining graphics rule for `.eps' on input line 4
85.

(d:/app/latex/texlive/2022/texmf-dist/tex/latex/latexconfig/epstopdf-sys.cfg
File: epstopdf-sys.cfg 2010/07/13 v1.3 Configuration of (r)epstopdf for TeX Liv
e
))
LaTeX Info: Redefining \celsius on input line 17.
Package gensymb Info: Faking symbols for \degree and \celsius on input line 17.



Package gensymb Warning: Not defining \perthousand.

LaTeX Info: Redefining \ohm on input line 17.
Package gensymb Info: Using \Omega for \ohm on input line 17.

Package gensymb Warning: Not defining \micro.

Package caption Info: Begin \AtBeginDocument code.
Package caption Info: End \AtBeginDocument code.
<Fig/Numerical_Model.png, id=1, 963.1182pt x 357.0138pt>
File: Fig/Numerical_Model.png Graphic file (type png)
<use Fig/Numerical_Model.png>
Package pdftex.def Info: Fig/Numerical_Model.png  used on input line 39.
(pdftex.def)             Requested size: 481.55792pt x 178.50645pt.

Overfull \hbox (91.55792pt too wide) in paragraph at lines 38--40
[] 
 []

LaTeX Font Info:    Trying to load font information for U+msa on input line 44.

(d:/app/latex/texlive/2022/texmf-dist/tex/latex/amsfonts/umsa.fd
File: umsa.fd 2013/01/14 v3.01 AMS symbols A
)
LaTeX Font Info:    Trying to load font information for U+msb on input line 44.


(d:/app/latex/texlive/2022/texmf-dist/tex/latex/amsfonts/umsb.fd
File: umsb.fd 2013/01/14 v3.01 AMS symbols B
) [1

{d:/app/latex/texlive/2022/texmf-var/fonts/map/pdftex/updmap/pdftex.map} <./Fig
/Numerical_Model.png>] [2

]
Overfull \hbox (2.61108pt too wide) has occurred while \output is active
[] 
 []

[1


] [2] [3]
File: Fig/Numerical_Model.png Graphic file (type png)
<use Fig/Numerical_Model.png>
Package pdftex.def Info: Fig/Numerical_Model.png  used on input line 78.
(pdftex.def)             Requested size: 385.24046pt x 142.80298pt.
 [4] [5] [6]
Missing character: There is no ‚ in font cmr12!
Missing character: There is no Ä in font cmr12!
Missing character: There is no ú in font cmr12!
Missing character: There is no ‚ in font cmr12!
Missing character: There is no Ä in font cmr12!
Missing character: There is no ù in font cmr12!
Missing character: There is no ‚ in font cmr12!
Missing character: There is no Ä in font cmr12!
Missing character: There is no ú in font cmr12!
Missing character: There is no ‚ in font cmr12!
Missing character: There is no Ä in font cmr12!
Missing character: There is no ù in font cmr12!
Missing character: There is no ¬ in font cmr10!
Missing character: There is no ∑ in font cmr10!
Missing character: There is no ¬ in font cmr10!
Missing character: There is no ∑ in font cmr10!
Missing character: There is no ¬ in font cmr10!
Missing character: There is no ∑ in font cmr10!
Missing character: There is no ¬ in font cmr10!
Missing character: There is no ∑ in font cmr10!
Missing character: There is no ¬ in font cmr10!
Missing character: There is no ∑ in font cmr10!
Missing character: There is no ¬ in font cmr10!
Missing character: There is no ∑ in font cmr10!
Missing character: There is no ¬ in font cmr10!
Missing character: There is no ∑ in font cmr10!
Missing character: There is no ¬ in font cmr10!
Missing character: There is no ∑ in font cmr10!

Overfull \hbox (10.2104pt too wide) in paragraph at lines 221--230
 [][] 
 []

[7]
<Fig/ÁΩëÊ†º.png, id=48, 568.7649pt x 426.6339pt>
File: Fig/ÁΩëÊ†º.png Graphic file (type png)
<use Fig/ÁΩëÊ†º.png>
Package pdftex.def Info: Fig/ÁΩëÊ†º.png  used on input line 236.
(pdftex.def)             Requested size: 227.50192pt x 170.65053pt.
 [8 <./Fig/ÁΩëÊ†º.png>]
<Fig/yanz.png, id=57, 566.991pt x 200.166pt>
File: Fig/yanz.png Graphic file (type png)
<use Fig/yanz.png>
Package pdftex.def Info: Fig/yanz.png  used on input line 245.
(pdftex.def)             Requested size: 340.19722pt x 120.10051pt.
 [9 <./Fig/yanz.png>]
<Fig/yun1.png, id=62, 589.767pt x 360.912pt>
File: Fig/yun1.png Graphic file (type png)
<use Fig/yun1.png>
Package pdftex.def Info: Fig/yun1.png  used on input line 299.
(pdftex.def)             Requested size: 294.88278pt x 180.45555pt.
 [10]
<Fig/sigma-T.png, id=67, 807.453pt x 199.071pt>
File: Fig/sigma-T.png Graphic file (type png)
<use Fig/sigma-T.png>
Package pdftex.def Info: Fig/sigma-T.png  used on input line 308.
(pdftex.def)             Requested size: 403.72551pt x 99.53525pt.

Overfull \hbox (13.72551pt too wide) in paragraph at lines 308--309
 [][] 
 []

[11 <./Fig/yun1.png>]
<Fig/Nu-t.png, id=73, 807.672pt x 199.071pt>
File: Fig/Nu-t.png Graphic file (type png)
<use Fig/Nu-t.png>
Package pdftex.def Info: Fig/Nu-t.png  used on input line 321.
(pdftex.def)             Requested size: 403.835pt x 99.53525pt.

Overfull \hbox (13.835pt too wide) in paragraph at lines 321--322
 [][] 
 []

[12 <./Fig/sigma-T.png>] [13 <./Fig/Nu-t.png>]
<Fig/fl2.png, id=83, 600.498pt x 142.35pt>
File: Fig/fl2.png Graphic file (type png)
<use Fig/fl2.png>
Package pdftex.def Info: Fig/fl2.png  used on input line 357.
(pdftex.def)             Requested size: 390.31906pt x 92.5264pt.
<Fig/yun2.png, id=84, 839.208pt x 604.002pt>
File: Fig/yun2.png Graphic file (type png)
<use Fig/yun2.png>
Package pdftex.def Info: Fig/yun2.png  used on input line 365.
(pdftex.def)             Requested size: 335.67725pt x 241.59651pt.
 [14 <./Fig/fl2.png>]
<Fig/fl.png, id=89, 488.37pt x 361.131pt>
File: Fig/fl.png Graphic file (type png)
<use Fig/fl.png>
Package pdftex.def Info: Fig/fl.png  used on input line 380.
(pdftex.def)             Requested size: 293.02426pt x 216.68025pt.
 [15 <./Fig/yun2.png>]
<Fig/yun3.png, id=94, 839.208pt x 608.163pt>
File: Fig/yun3.png Graphic file (type png)
<use Fig/yun3.png>
Package pdftex.def Info: Fig/yun3.png  used on input line 387.
(pdftex.def)             Requested size: 335.67725pt x 243.26088pt.
 [16 <./Fig/fl.png>]
<Fig/ratio.png, id=99, 417.414pt x 142.131pt>
File: Fig/ratio.png Graphic file (type png)
<use Fig/ratio.png>
Package pdftex.def Info: Fig/ratio.png  used on input line 407.
(pdftex.def)             Requested size: 375.66913pt x 127.91669pt.
 [17 <./Fig/yun3.png>] [18 <./Fig/ratio.png>]
[19]
<Fig/3d.png, id=112, 607.944pt x 239.805pt>
File: Fig/3d.png Graphic file (type png)
<use Fig/3d.png>
Package pdftex.def Info: Fig/3d.png  used on input line 452.
(pdftex.def)             Requested size: 425.55789pt x 167.86234pt.

Overfull \hbox (35.55789pt too wide) in paragraph at lines 452--453
 [][] 
 []

<Fig/compare.png, id=113, 716.787pt x 170.82pt>
File: Fig/compare.png Graphic file (type png)
<use Fig/compare.png>
Package pdftex.def Info: Fig/compare.png  used on input line 467.
(pdftex.def)             Requested size: 358.39262pt x 85.40979pt.
[20 <./Fig/3d.png>] [21 <./Fig/compare.png>]
Overfull \hbox (36.2817pt too wide) in paragraph at lines 477--478
[]\OT1/cmr/m/n/12 This work was sup-ported by Nat-u-ral Sci-ence Foun-da-tion o
f China (No.52106120). 
 []

[22] (./document.bbl [23]
Missing character: There is no √ in font cmr12!
Missing character: There is no ñ in font cmr12!
Missing character: There is no √ in font cmr12!
Missing character: There is no º in font cmr12!
Missing character: There is no ‚ in font cmr12!
Missing character: There is no Ä in font cmr12!
Missing character: There is no ì in font cmr12!
Missing character: There is no ‚ in font cmr12!
Missing character: There is no Ä in font cmr12!
Missing character: There is no ì in font cmr12!
[24]
Missing character: There is no ‚ in font cmr12!
Missing character: There is no Ä in font cmr12!
Missing character: There is no ì in font cmr12!
Missing character: There is no √ in font cmr12!
Missing character: There is no ñ in font cmr12!
Missing character: There is no ≈ in font cmr12!
Missing character: There is no ü in font cmr12!
[25]
Missing character: There is no ‚ in font cmr12!
Missing character: There is no Ä in font cmr12!
Missing character: There is no ì in font cmr12!
[26]
Missing character: There is no ‚ in font cmr12!
Missing character: There is no Ä in font cmr12!
Missing character: There is no ê in font cmr12!
Missing character: There is no √ in font cmr12!
Missing character: There is no º in font cmr12!
Missing character: There is no √ in font cmr12!
Missing character: There is no º in font cmr12!
Missing character: There is no ƒ in font cmr12!
Missing character: There is no ± in font cmr12!
Missing character: There is no ƒ in font cmr12!
Missing character: There is no ± in font cmr12!
Missing character: There is no √ in font cmr12!
Missing character: There is no º in font cmr12!
Missing character: There is no √ in font cmr12!
Missing character: There is no º in font cmr12!
Missing character: There is no √ in font cmr12!
Missing character: There is no º in font cmr12!
Missing character: There is no √ in font cmr12!
Missing character: There is no ß in font cmr12!
) [27] (./document.aux) ) 
Here is how much of TeX's memory you used:
 5823 strings out of 478268
 93111 string characters out of 5845355
 391881 words of memory out of 5000000
 23941 multiletter control sequences out of 15000+600000
 481315 words of font info for 72 fonts, out of 8000000 for 9000
 1141 hyphenation exceptions out of 8191
 70i,14n,76p,2156b,407s stack positions out of 10000i,1000n,20000p,200000b,200000s
{d:/app/latex/texlive/2022/texmf-dist/fonts/enc/dvips/
cm-super/cm-super-ts1.enc}<d:/app/latex/texlive/2022/texmf-dist/fonts/type1/pub
lic/amsfonts/cm/cmbx10.pfb><d:/app/latex/texlive/2022/texmf-dist/fonts/type1/pu
blic/amsfonts/cm/cmbx12.pfb><d:/app/latex/texlive/2022/texmf-dist/fonts/type1/p
ublic/amsfonts/cm/cmex10.pfb><d:/app/latex/texlive/2022/texmf-dist/fonts/type1/
public/amsfonts/cm/cmmi10.pfb><d:/app/latex/texlive/2022/texmf-dist/fonts/type1
/public/amsfonts/cm/cmmi12.pfb><d:/app/latex/texlive/2022/texmf-dist/fonts/type
1/public/amsfonts/cm/cmmi7.pfb><d:/app/latex/texlive/2022/texmf-dist/fonts/type
1/public/amsfonts/cm/cmmi8.pfb><d:/app/latex/texlive/2022/texmf-dist/fonts/type
1/public/amsfonts/cm/cmmib10.pfb><d:/app/latex/texlive/2022/texmf-dist/fonts/ty
pe1/public/amsfonts/cm/cmr10.pfb><d:/app/latex/texlive/2022/texmf-dist/fonts/ty
pe1/public/amsfonts/cm/cmr12.pfb><d:/app/latex/texlive/2022/texmf-dist/fonts/ty
pe1/public/amsfonts/cm/cmr17.pfb><d:/app/latex/texlive/2022/texmf-dist/fonts/ty
pe1/public/amsfonts/cm/cmr7.pfb><d:/app/latex/texlive/2022/texmf-dist/fonts/typ
e1/public/amsfonts/cm/cmr8.pfb><d:/app/latex/texlive/2022/texmf-dist/fonts/type
1/public/amsfonts/cm/cmsy10.pfb><d:/app/latex/texlive/2022/texmf-dist/fonts/typ
e1/public/amsfonts/cm/cmsy6.pfb><d:/app/latex/texlive/2022/texmf-dist/fonts/typ
e1/public/amsfonts/cm/cmsy7.pfb><d:/app/latex/texlive/2022/texmf-dist/fonts/typ
e1/public/amsfonts/cm/cmsy8.pfb><d:/app/latex/texlive/2022/texmf-dist/fonts/typ
e1/public/amsfonts/cm/cmti10.pfb><d:/app/latex/texlive/2022/texmf-dist/fonts/ty
pe1/public/amsfonts/cm/cmti12.pfb><d:/app/latex/texlive/2022/texmf-dist/fonts/t
ype1/public/amsfonts/cm/cmti7.pfb><d:/app/latex/texlive/2022/texmf-dist/fonts/t
ype1/public/amsfonts/symbols/msam10.pfb><d:/app/latex/texlive/2022/texmf-dist/f
onts/type1/public/cm-super/sfrm1200.pfb>
Output written on document.pdf (29 pages, 8360370 bytes).
PDF statistics:
 236 PDF objects out of 1000 (max. 8388607)
 133 compressed objects within 2 object streams
 0 named destinations out of 1000 (max. 500000)
 66 words of extra memory for PDF output out of 10000 (max. 10000000)

